  pch.cpp
  Action_.cpp
  Axis.cpp
  Button.cpp
  Controller.cpp
  Keyboard.cpp
  Mouse.cpp
  RuntimeException.cpp
  WinAPIException.cpp
  Action.cpp
  MappingContext.cpp
  Negative.cpp
  SwizzleAxis.cpp
  System.cpp
  ChordAction.cpp
  Down.cpp
  HoldAndRelease.cpp
  Hold.cpp
  Pressed.cpp
  Pulse.cpp
  Released.cpp
  코드를 생성하고 있습니다...
  컴파일하고 있습니다...
  State.cpp
  Tap.cpp
  Trigger.cpp
  Functions.cpp
  코드를 생성하고 있습니다...
  Input.vcxproj -> D:\2QMP\5_Project\Engine\Dosuha2DEngine\x64\Debug\Input.lib
