  pch.cpp
  Colored.cpp
  Camera.cpp
  Canvas.cpp
  Collisionable.cpp
  AlphaBitmapComponent.cpp
  AnimationComponent.cpp
  ComponentBase.cpp
  BitmapComponent.cpp
  BoundComponent.cpp
  CameraComponent.cpp
  CircleComponent.cpp
  ColliderBase.cpp
  BoxCollider.cpp
  CircleCollider.cpp
  RoundRectCollider.cpp
  FadeBitmapComponent.cpp
  HidableAnimation.cpp
  LightComponent.cpp
  ShadeComponent.cpp
  MovementComponent.cpp
  컴파일하고 있습니다...
  RectComponent.cpp
  RigidbodyComponent.cpp
  RoundRectComponent.cpp
  BoxShapeComponent.cpp
  StrokeBoxShapeComponent.cpp
  CircleShapeComponent.cpp
  StrokeCircleShapeComponent.cpp
  RoundRectShapeComponent.cpp
  Stroked.cpp
  UIComponent.cpp
  AudioManager.cpp
  CameraManager.cpp
  InputManager.cpp
  ObserverManager.cpp
  RenderManager.cpp
  ResourceManager.cpp
  SystemManager.cpp
  TimeManager.cpp
  WindowManager.cpp
  Circle.cpp
  컴파일하고 있습니다...
  AABB.cpp
  Collision.cpp
  Helper.cpp
  Line.cpp
  Polygon.cpp
D:\2QMP\5_Project\Engine\Dosuha2DEngine\Engine\Math\Polygon\Polygon.cpp(12,33): warning C4267: '초기화 중': 'size_t'에서 'int'(으)로 변환하면서 데이터가 손실될 수 있습니다.
D:\2QMP\5_Project\Engine\Dosuha2DEngine\Engine\Math\Polygon\Polygon.cpp(12,18): warning C4267: '초기화 중': 'size_t'에서 'const int'(으)로 변환하면서 데이터가 손실될 수 있습니다.
  Rect.cpp
  RoundRect.cpp
  Vector2.cpp
  ObjectBase.cpp
  CameraObject.cpp
  Scene.cpp
  System.cpp
  Tag.cpp
  UIBase.cpp
  SlideButton.cpp
  AnchorPanel.cpp
  OverlayPanel.cpp
  StackPanel.cpp
  AnimationWrapper.cpp
  WrapperBase.cpp
  컴파일하고 있습니다...
  BoxWrapper.cpp
  ButtonWrapper.cpp
  FadeImageWrapper.cpp
  HidableWrapper.cpp
  ImageWrapper.cpp
  World.cpp
  Engine.vcxproj -> D:\2QMP\5_Project\Engine\Dosuha2DEngine\x64\Release\Engine.lib
